2022-05-12 08:23:51 INFORMATION service.LogService log Gefundene Fehler:
ssommer|689823|1|09.03.22|130|chackl@parat.eu
ssommer|689695|1|09.03.22|130|chackl@parat.eu
ssommer|689859|1|09.03.22|130|chackl@parat.eu
ssommer|689798|1|09.03.22|130|chackl@parat.eu
ssommer|689905|2|10.03.22|130|chackl@parat.eu
ssommer|689932|1|10.03.22|130|chackl@parat.eu
shuber|689854|1|09.03.22|130|theinrich@parat.eu
mkrottenth|689742|1|09.03.22|130|mbloechl@parat.eu
mkrottenth|689944|1|10.03.22|130|mbloechl@parat.eu
mkrottenth|689815|3|09.03.22|130|mbloechl@parat.eu
mkrottenth|689811|3|09.03.22|130|mbloechl@parat.eu
ssommer|689825|3|09.03.22|130|chackl@parat.eu
ssommer|689802|1|09.03.22|130|chackl@parat.eu
ssommer|689780|1|09.03.22|190|chackl@parat.eu
ssommer|689766|1|09.03.22|130|chackl@parat.eu
ssommer|689932|2|10.03.22|130|chackl@parat.eu
ssommer|689933|3|10.03.22|130|chackl@parat.eu
ssommer|689933|1|10.03.22|130|chackl@parat.eu
shuber|689764|2|09.03.22|130|theinrich@parat.eu
mkrottenth|689394|1|09.03.22|130|mbloechl@parat.eu
mkrottenth|689904|2|10.03.22|130|mbloechl@parat.eu
mkrottenth|689939|1|10.03.22|130|mbloechl@parat.eu
mkrottenth|689815|2|09.03.22|130|mbloechl@parat.eu
mkrottenth|689811|1|09.03.22|130|mbloechl@parat.eu
ssommer|689825|4|09.03.22|130|chackl@parat.eu
ssommer|689825|1|09.03.22|130|chackl@parat.eu
ssommer|689793|1|10.03.22|190|chackl@parat.eu
ssommer|689933|4|10.03.22|130|chackl@parat.eu
shuber|689854|5|09.03.22|130|theinrich@parat.eu
shuber|689854|3|09.03.22|130|theinrich@parat.eu
shuber|689857|1|09.03.22|130|theinrich@parat.eu
mkrottenth|689947|2|10.03.22|130|mbloechl@parat.eu
mkrottenth|689947|1|10.03.22|130|mbloechl@parat.eu
mkrottenth|689815|1|09.03.22|130|mbloechl@parat.eu
mkrottenth|689811|2|09.03.22|130|mbloechl@parat.eu
ssommer|689825|5|09.03.22|130|chackl@parat.eu
ssommer|689825|2|09.03.22|130|chackl@parat.eu
ssommer|689738|1|09.03.22|130|chackl@parat.eu
ssommer|689794|1|09.03.22|190|chackl@parat.eu
ssommer|689933|5|10.03.22|130|chackl@parat.eu
shuber|689895|1|10.03.22|440|theinrich@parat.eu
shuber|689854|4|09.03.22|130|theinrich@parat.eu
shuber|689857|3|09.03.22|130|theinrich@parat.eu
shuber|689764|1|09.03.22|130|theinrich@parat.eu
mkrottenth|689897|1|10.03.22|130|mbloechl@parat.eu
mkrottenth|689951|1|10.03.22|130|mbloechl@parat.eu
mkrottenth|689945|1|10.03.22|130|mbloechl@parat.eu
ssommer|689902|1|10.03.22|130|chackl@parat.eu
ssommer|689740|1|09.03.22|130|chackl@parat.eu
ssommer|689905|1|10.03.22|130|chackl@parat.eu
ssommer|689780|1|10.03.22|190|chackl@parat.eu
shuber|689826|1|09.03.22|130|theinrich@parat.eu
shuber|689741|1|09.03.22|130|theinrich@parat.eu
mkrottenth|689904|3|10.03.22|130|mbloechl@parat.eu
mkrottenth|689943|1|10.03.22|130|mbloechl@parat.eu
mkrottenth|689941|1|10.03.22|130|mbloechl@parat.eu
ssommer|689887|1|10.03.22|130|chackl@parat.eu
ssommer|689798|3|09.03.22|130|chackl@parat.eu
ssommer|689905|3|10.03.22|130|chackl@parat.eu
ssommer|689937|1|10.03.22|130|chackl@parat.eu
mkrottenth|689897|2|10.03.22|130|mbloechl@parat.eu
mkrottenth|689742|2|09.03.22|130|mbloechl@parat.eu
mkrottenth|688386|1|09.03.22|130|mbloechl@parat.eu
mkrottenth|689904|1|10.03.22|130|mbloechl@parat.eu
mkrottenth|689950|1|10.03.22|130|mbloechl@parat.eu
ssommer|689789|2|09.03.22|190|chackl@parat.eu
ssommer|689789|1|09.03.22|190|chackl@parat.eu
ssommer|689793|1|09.03.22|190|chackl@parat.eu
shuber|689854|2|09.03.22|130|theinrich@parat.eu
shuber|689857|2|09.03.22|130|theinrich@parat.eu
mkrottenth|689908|1|10.03.22|130|mbloechl@parat.eu
mkrottenth|689811|4|09.03.22|130|mbloechl@parat.eu
ssommer|689893|1|10.03.22|130|chackl@parat.eu
ssommer|689829|1|09.03.22|130|chackl@parat.eu
ssommer|689863|1|09.03.22|190|chackl@parat.eu
ssommer|689798|2|09.03.22|130|chackl@parat.eu
ssommer|689773|1|09.03.22|190|chackl@parat.eu
ssommer|689905|4|10.03.22|130|chackl@parat.eu
ssommer|689933|6|10.03.22|130|chackl@parat.eu
ssommer|689933|2|10.03.22|130|chackl@parat.eu
ssommer|689700|1|10.03.22|130|chackl@parat.eu
shuber|689940|1|10.03.22|130|theinrich@parat.eu
mkrottenth|687858|3|09.03.22|130|mbloechl@parat.eu
mkrottenth|689949|1|10.03.22|130|mbloechl@parat.eu
mkrottenth|689946|1|10.03.22|130|mbloechl@parat.eu

2022-05-12 08:25:17 INFORMATION service.LogService log Gefundene Fehler:
mkrottenth|689811|3|09.03.22|130|mbloechl@parat.eu
mkrottenth|689815|3|09.03.22|130|mbloechl@parat.eu
mkrottenth|689944|1|10.03.22|130|mbloechl@parat.eu
ssommer|689932|1|10.03.22|130|chackl@parat.eu
ssommer|689905|2|10.03.22|130|chackl@parat.eu
ssommer|689798|1|09.03.22|130|chackl@parat.eu
ssommer|689859|1|09.03.22|130|chackl@parat.eu
mkrottenth|689742|1|09.03.22|130|mbloechl@parat.eu
ssommer|689695|1|09.03.22|130|chackl@parat.eu
ssommer|689823|1|09.03.22|130|chackl@parat.eu
shuber|689854|1|09.03.22|130|theinrich@parat.eu
ssommer|689933|1|10.03.22|130|chackl@parat.eu
ssommer|689933|3|10.03.22|130|chackl@parat.eu
mkrottenth|689811|1|09.03.22|130|mbloechl@parat.eu
mkrottenth|689815|2|09.03.22|130|mbloechl@parat.eu
mkrottenth|689939|1|10.03.22|130|mbloechl@parat.eu
ssommer|689932|2|10.03.22|130|chackl@parat.eu
ssommer|689766|1|09.03.22|130|chackl@parat.eu
mkrottenth|689904|2|10.03.22|130|mbloechl@parat.eu
ssommer|689780|1|09.03.22|190|chackl@parat.eu
shuber|689764|2|09.03.22|130|theinrich@parat.eu
ssommer|689802|1|09.03.22|130|chackl@parat.eu
ssommer|689825|3|09.03.22|130|chackl@parat.eu
mkrottenth|689394|1|09.03.22|130|mbloechl@parat.eu
ssommer|689933|4|10.03.22|130|chackl@parat.eu
mkrottenth|689811|2|09.03.22|130|mbloechl@parat.eu
mkrottenth|689815|1|09.03.22|130|mbloechl@parat.eu
mkrottenth|689947|1|10.03.22|130|mbloechl@parat.eu
mkrottenth|689947|2|10.03.22|130|mbloechl@parat.eu
ssommer|689793|1|10.03.22|190|chackl@parat.eu
ssommer|689825|1|09.03.22|130|chackl@parat.eu
ssommer|689825|4|09.03.22|130|chackl@parat.eu
shuber|689857|1|09.03.22|130|theinrich@parat.eu
shuber|689854|3|09.03.22|130|theinrich@parat.eu
shuber|689854|5|09.03.22|130|theinrich@parat.eu
ssommer|689933|5|10.03.22|130|chackl@parat.eu
mkrottenth|689945|1|10.03.22|130|mbloechl@parat.eu
mkrottenth|689951|1|10.03.22|130|mbloechl@parat.eu
ssommer|689794|1|09.03.22|190|chackl@parat.eu
ssommer|689738|1|09.03.22|130|chackl@parat.eu
shuber|689764|1|09.03.22|130|theinrich@parat.eu
ssommer|689825|2|09.03.22|130|chackl@parat.eu
ssommer|689825|5|09.03.22|130|chackl@parat.eu
shuber|689857|3|09.03.22|130|theinrich@parat.eu
shuber|689854|4|09.03.22|130|theinrich@parat.eu
mkrottenth|689897|1|10.03.22|130|mbloechl@parat.eu
shuber|689895|1|10.03.22|440|theinrich@parat.eu
ssommer|689780|1|10.03.22|190|chackl@parat.eu
mkrottenth|689941|1|10.03.22|130|mbloechl@parat.eu
mkrottenth|689943|1|10.03.22|130|mbloechl@parat.eu
ssommer|689905|1|10.03.22|130|chackl@parat.eu
mkrottenth|689904|3|10.03.22|130|mbloechl@parat.eu
ssommer|689740|1|09.03.22|130|chackl@parat.eu
shuber|689741|1|09.03.22|130|theinrich@parat.eu
shuber|689826|1|09.03.22|130|theinrich@parat.eu
ssommer|689902|1|10.03.22|130|chackl@parat.eu
ssommer|689937|1|10.03.22|130|chackl@parat.eu
mkrottenth|689950|1|10.03.22|130|mbloechl@parat.eu
ssommer|689905|3|10.03.22|130|chackl@parat.eu
ssommer|689798|3|09.03.22|130|chackl@parat.eu
mkrottenth|689904|1|10.03.22|130|mbloechl@parat.eu
mkrottenth|688386|1|09.03.22|130|mbloechl@parat.eu
mkrottenth|689742|2|09.03.22|130|mbloechl@parat.eu
mkrottenth|689897|2|10.03.22|130|mbloechl@parat.eu
ssommer|689887|1|10.03.22|130|chackl@parat.eu
mkrottenth|689811|4|09.03.22|130|mbloechl@parat.eu
ssommer|689793|1|09.03.22|190|chackl@parat.eu
mkrottenth|689908|1|10.03.22|130|mbloechl@parat.eu
shuber|689857|2|09.03.22|130|theinrich@parat.eu
shuber|689854|2|09.03.22|130|theinrich@parat.eu
ssommer|689789|1|09.03.22|190|chackl@parat.eu
ssommer|689789|2|09.03.22|190|chackl@parat.eu
ssommer|689700|1|10.03.22|130|chackl@parat.eu
ssommer|689933|2|10.03.22|130|chackl@parat.eu
ssommer|689933|6|10.03.22|130|chackl@parat.eu
shuber|689940|1|10.03.22|130|theinrich@parat.eu
mkrottenth|689946|1|10.03.22|130|mbloechl@parat.eu
mkrottenth|689949|1|10.03.22|130|mbloechl@parat.eu
ssommer|689905|4|10.03.22|130|chackl@parat.eu
ssommer|689773|1|09.03.22|190|chackl@parat.eu
ssommer|689798|2|09.03.22|130|chackl@parat.eu
mkrottenth|687858|3|09.03.22|130|mbloechl@parat.eu
ssommer|689863|1|09.03.22|190|chackl@parat.eu
ssommer|689829|1|09.03.22|130|chackl@parat.eu
ssommer|689893|1|10.03.22|130|chackl@parat.eu

2022-05-12 08:25:17 INFORMATION service.LogService log 0
2022-05-12 08:26:47 INFORMATION service.LogService log Gefundene Fehler:
mkrottenth|689811|3|09.03.22|130|mbloechl@parat.eu
mkrottenth|689815|3|09.03.22|130|mbloechl@parat.eu
mkrottenth|689944|1|10.03.22|130|mbloechl@parat.eu
ssommer|689932|1|10.03.22|130|chackl@parat.eu
ssommer|689905|2|10.03.22|130|chackl@parat.eu
ssommer|689798|1|09.03.22|130|chackl@parat.eu
ssommer|689859|1|09.03.22|130|chackl@parat.eu
mkrottenth|689742|1|09.03.22|130|mbloechl@parat.eu
ssommer|689695|1|09.03.22|130|chackl@parat.eu
ssommer|689823|1|09.03.22|130|chackl@parat.eu
shuber|689854|1|09.03.22|130|theinrich@parat.eu
ssommer|689933|1|10.03.22|130|chackl@parat.eu
ssommer|689933|3|10.03.22|130|chackl@parat.eu
mkrottenth|689811|1|09.03.22|130|mbloechl@parat.eu
mkrottenth|689815|2|09.03.22|130|mbloechl@parat.eu
mkrottenth|689939|1|10.03.22|130|mbloechl@parat.eu
ssommer|689932|2|10.03.22|130|chackl@parat.eu
ssommer|689766|1|09.03.22|130|chackl@parat.eu
mkrottenth|689904|2|10.03.22|130|mbloechl@parat.eu
ssommer|689780|1|09.03.22|190|chackl@parat.eu
shuber|689764|2|09.03.22|130|theinrich@parat.eu
ssommer|689802|1|09.03.22|130|chackl@parat.eu
ssommer|689825|3|09.03.22|130|chackl@parat.eu
mkrottenth|689394|1|09.03.22|130|mbloechl@parat.eu
ssommer|689933|4|10.03.22|130|chackl@parat.eu
mkrottenth|689811|2|09.03.22|130|mbloechl@parat.eu
mkrottenth|689815|1|09.03.22|130|mbloechl@parat.eu
mkrottenth|689947|1|10.03.22|130|mbloechl@parat.eu
mkrottenth|689947|2|10.03.22|130|mbloechl@parat.eu
ssommer|689793|1|10.03.22|190|chackl@parat.eu
ssommer|689825|1|09.03.22|130|chackl@parat.eu
ssommer|689825|4|09.03.22|130|chackl@parat.eu
shuber|689857|1|09.03.22|130|theinrich@parat.eu
shuber|689854|3|09.03.22|130|theinrich@parat.eu
shuber|689854|5|09.03.22|130|theinrich@parat.eu
ssommer|689933|5|10.03.22|130|chackl@parat.eu
mkrottenth|689945|1|10.03.22|130|mbloechl@parat.eu
mkrottenth|689951|1|10.03.22|130|mbloechl@parat.eu
ssommer|689794|1|09.03.22|190|chackl@parat.eu
ssommer|689738|1|09.03.22|130|chackl@parat.eu
shuber|689764|1|09.03.22|130|theinrich@parat.eu
ssommer|689825|2|09.03.22|130|chackl@parat.eu
ssommer|689825|5|09.03.22|130|chackl@parat.eu
shuber|689857|3|09.03.22|130|theinrich@parat.eu
shuber|689854|4|09.03.22|130|theinrich@parat.eu
mkrottenth|689897|1|10.03.22|130|mbloechl@parat.eu
shuber|689895|1|10.03.22|440|theinrich@parat.eu
ssommer|689780|1|10.03.22|190|chackl@parat.eu
mkrottenth|689941|1|10.03.22|130|mbloechl@parat.eu
mkrottenth|689943|1|10.03.22|130|mbloechl@parat.eu
ssommer|689905|1|10.03.22|130|chackl@parat.eu
mkrottenth|689904|3|10.03.22|130|mbloechl@parat.eu
ssommer|689740|1|09.03.22|130|chackl@parat.eu
shuber|689741|1|09.03.22|130|theinrich@parat.eu
shuber|689826|1|09.03.22|130|theinrich@parat.eu
ssommer|689902|1|10.03.22|130|chackl@parat.eu
ssommer|689937|1|10.03.22|130|chackl@parat.eu
mkrottenth|689950|1|10.03.22|130|mbloechl@parat.eu
ssommer|689905|3|10.03.22|130|chackl@parat.eu
ssommer|689798|3|09.03.22|130|chackl@parat.eu
mkrottenth|689904|1|10.03.22|130|mbloechl@parat.eu
mkrottenth|688386|1|09.03.22|130|mbloechl@parat.eu
mkrottenth|689742|2|09.03.22|130|mbloechl@parat.eu
mkrottenth|689897|2|10.03.22|130|mbloechl@parat.eu
ssommer|689887|1|10.03.22|130|chackl@parat.eu
mkrottenth|689811|4|09.03.22|130|mbloechl@parat.eu
ssommer|689793|1|09.03.22|190|chackl@parat.eu
mkrottenth|689908|1|10.03.22|130|mbloechl@parat.eu
shuber|689857|2|09.03.22|130|theinrich@parat.eu
shuber|689854|2|09.03.22|130|theinrich@parat.eu
ssommer|689789|1|09.03.22|190|chackl@parat.eu
ssommer|689789|2|09.03.22|190|chackl@parat.eu
ssommer|689700|1|10.03.22|130|chackl@parat.eu
ssommer|689933|2|10.03.22|130|chackl@parat.eu
ssommer|689933|6|10.03.22|130|chackl@parat.eu
shuber|689940|1|10.03.22|130|theinrich@parat.eu
mkrottenth|689946|1|10.03.22|130|mbloechl@parat.eu
mkrottenth|689949|1|10.03.22|130|mbloechl@parat.eu
ssommer|689905|4|10.03.22|130|chackl@parat.eu
ssommer|689773|1|09.03.22|190|chackl@parat.eu
ssommer|689798|2|09.03.22|130|chackl@parat.eu
mkrottenth|687858|3|09.03.22|130|mbloechl@parat.eu
ssommer|689863|1|09.03.22|190|chackl@parat.eu
ssommer|689829|1|09.03.22|130|chackl@parat.eu
ssommer|689893|1|10.03.22|130|chackl@parat.eu

2022-05-12 08:26:47 SCHWERWIEGEND service.LogService log java.lang.IndexOutOfBoundsException: Index 0 out of bounds for length 0
	at java.base/jdk.internal.util.Preconditions.outOfBounds(Preconditions.java:64)
	at java.base/jdk.internal.util.Preconditions.outOfBoundsCheckIndex(Preconditions.java:70)
	at java.base/jdk.internal.util.Preconditions.checkIndex(Preconditions.java:266)
	at java.base/java.util.Objects.checkIndex(Objects.java:359)
	at java.base/java.util.ArrayList.get(ArrayList.java:427)
	at service.ListSplitService.splitList(ListSplitService.java:21)
	at main.Start.main(Start.java:27)

2022-05-12 08:28:13 INFORMATION service.LogService log Gefundene Fehler:
mkrottenth|689811|3|09.03.22|130|mbloechl@parat.eu
mkrottenth|689815|3|09.03.22|130|mbloechl@parat.eu
mkrottenth|689944|1|10.03.22|130|mbloechl@parat.eu
ssommer|689932|1|10.03.22|130|chackl@parat.eu
ssommer|689905|2|10.03.22|130|chackl@parat.eu
ssommer|689798|1|09.03.22|130|chackl@parat.eu
ssommer|689859|1|09.03.22|130|chackl@parat.eu
mkrottenth|689742|1|09.03.22|130|mbloechl@parat.eu
ssommer|689695|1|09.03.22|130|chackl@parat.eu
ssommer|689823|1|09.03.22|130|chackl@parat.eu
shuber|689854|1|09.03.22|130|theinrich@parat.eu
ssommer|689933|1|10.03.22|130|chackl@parat.eu
ssommer|689933|3|10.03.22|130|chackl@parat.eu
mkrottenth|689811|1|09.03.22|130|mbloechl@parat.eu
mkrottenth|689815|2|09.03.22|130|mbloechl@parat.eu
mkrottenth|689939|1|10.03.22|130|mbloechl@parat.eu
ssommer|689932|2|10.03.22|130|chackl@parat.eu
ssommer|689766|1|09.03.22|130|chackl@parat.eu
mkrottenth|689904|2|10.03.22|130|mbloechl@parat.eu
ssommer|689780|1|09.03.22|190|chackl@parat.eu
shuber|689764|2|09.03.22|130|theinrich@parat.eu
ssommer|689802|1|09.03.22|130|chackl@parat.eu
ssommer|689825|3|09.03.22|130|chackl@parat.eu
mkrottenth|689394|1|09.03.22|130|mbloechl@parat.eu
ssommer|689933|4|10.03.22|130|chackl@parat.eu
mkrottenth|689811|2|09.03.22|130|mbloechl@parat.eu
mkrottenth|689815|1|09.03.22|130|mbloechl@parat.eu
mkrottenth|689947|1|10.03.22|130|mbloechl@parat.eu
mkrottenth|689947|2|10.03.22|130|mbloechl@parat.eu
ssommer|689793|1|10.03.22|190|chackl@parat.eu
ssommer|689825|1|09.03.22|130|chackl@parat.eu
ssommer|689825|4|09.03.22|130|chackl@parat.eu
shuber|689857|1|09.03.22|130|theinrich@parat.eu
shuber|689854|3|09.03.22|130|theinrich@parat.eu
shuber|689854|5|09.03.22|130|theinrich@parat.eu
ssommer|689933|5|10.03.22|130|chackl@parat.eu
mkrottenth|689945|1|10.03.22|130|mbloechl@parat.eu
mkrottenth|689951|1|10.03.22|130|mbloechl@parat.eu
ssommer|689794|1|09.03.22|190|chackl@parat.eu
ssommer|689738|1|09.03.22|130|chackl@parat.eu
shuber|689764|1|09.03.22|130|theinrich@parat.eu
ssommer|689825|2|09.03.22|130|chackl@parat.eu
ssommer|689825|5|09.03.22|130|chackl@parat.eu
shuber|689857|3|09.03.22|130|theinrich@parat.eu
shuber|689854|4|09.03.22|130|theinrich@parat.eu
mkrottenth|689897|1|10.03.22|130|mbloechl@parat.eu
shuber|689895|1|10.03.22|440|theinrich@parat.eu
ssommer|689780|1|10.03.22|190|chackl@parat.eu
mkrottenth|689941|1|10.03.22|130|mbloechl@parat.eu
mkrottenth|689943|1|10.03.22|130|mbloechl@parat.eu
ssommer|689905|1|10.03.22|130|chackl@parat.eu
mkrottenth|689904|3|10.03.22|130|mbloechl@parat.eu
ssommer|689740|1|09.03.22|130|chackl@parat.eu
shuber|689741|1|09.03.22|130|theinrich@parat.eu
shuber|689826|1|09.03.22|130|theinrich@parat.eu
ssommer|689902|1|10.03.22|130|chackl@parat.eu
ssommer|689937|1|10.03.22|130|chackl@parat.eu
mkrottenth|689950|1|10.03.22|130|mbloechl@parat.eu
ssommer|689905|3|10.03.22|130|chackl@parat.eu
ssommer|689798|3|09.03.22|130|chackl@parat.eu
mkrottenth|689904|1|10.03.22|130|mbloechl@parat.eu
mkrottenth|688386|1|09.03.22|130|mbloechl@parat.eu
mkrottenth|689742|2|09.03.22|130|mbloechl@parat.eu
mkrottenth|689897|2|10.03.22|130|mbloechl@parat.eu
ssommer|689887|1|10.03.22|130|chackl@parat.eu
mkrottenth|689811|4|09.03.22|130|mbloechl@parat.eu
ssommer|689793|1|09.03.22|190|chackl@parat.eu
mkrottenth|689908|1|10.03.22|130|mbloechl@parat.eu
shuber|689857|2|09.03.22|130|theinrich@parat.eu
shuber|689854|2|09.03.22|130|theinrich@parat.eu
ssommer|689789|1|09.03.22|190|chackl@parat.eu
ssommer|689789|2|09.03.22|190|chackl@parat.eu
ssommer|689700|1|10.03.22|130|chackl@parat.eu
ssommer|689933|2|10.03.22|130|chackl@parat.eu
ssommer|689933|6|10.03.22|130|chackl@parat.eu
shuber|689940|1|10.03.22|130|theinrich@parat.eu
mkrottenth|689946|1|10.03.22|130|mbloechl@parat.eu
mkrottenth|689949|1|10.03.22|130|mbloechl@parat.eu
ssommer|689905|4|10.03.22|130|chackl@parat.eu
ssommer|689773|1|09.03.22|190|chackl@parat.eu
ssommer|689798|2|09.03.22|130|chackl@parat.eu
mkrottenth|687858|3|09.03.22|130|mbloechl@parat.eu
ssommer|689863|1|09.03.22|190|chackl@parat.eu
ssommer|689829|1|09.03.22|130|chackl@parat.eu
ssommer|689893|1|10.03.22|130|chackl@parat.eu

2022-05-12 08:28:13 SCHWERWIEGEND service.LogService log java.util.ConcurrentModificationException
	at java.base/java.util.ArrayList$Itr.checkForComodification(ArrayList.java:1013)
	at java.base/java.util.ArrayList$Itr.next(ArrayList.java:967)
	at service.ListSplitService.splitList(ListSplitService.java:20)
	at main.Start.main(Start.java:27)

2022-05-12 09:18:56 INFORMATION service.LogService log Gefundene Fehler:
mkrottenth|689811|3|09.03.22|130|mbloechl@parat.eu
mkrottenth|689815|3|09.03.22|130|mbloechl@parat.eu
mkrottenth|689944|1|10.03.22|130|mbloechl@parat.eu
ssommer|689932|1|10.03.22|130|chackl@parat.eu
ssommer|689905|2|10.03.22|130|chackl@parat.eu
ssommer|689798|1|09.03.22|130|chackl@parat.eu
ssommer|689859|1|09.03.22|130|chackl@parat.eu
mkrottenth|689742|1|09.03.22|130|mbloechl@parat.eu
ssommer|689695|1|09.03.22|130|chackl@parat.eu
ssommer|689823|1|09.03.22|130|chackl@parat.eu
shuber|689854|1|09.03.22|130|theinrich@parat.eu
ssommer|689933|1|10.03.22|130|chackl@parat.eu
ssommer|689933|3|10.03.22|130|chackl@parat.eu
mkrottenth|689811|1|09.03.22|130|mbloechl@parat.eu
mkrottenth|689815|2|09.03.22|130|mbloechl@parat.eu
mkrottenth|689939|1|10.03.22|130|mbloechl@parat.eu
ssommer|689932|2|10.03.22|130|chackl@parat.eu
ssommer|689766|1|09.03.22|130|chackl@parat.eu
mkrottenth|689904|2|10.03.22|130|mbloechl@parat.eu
ssommer|689780|1|09.03.22|190|chackl@parat.eu
shuber|689764|2|09.03.22|130|theinrich@parat.eu
ssommer|689802|1|09.03.22|130|chackl@parat.eu
ssommer|689825|3|09.03.22|130|chackl@parat.eu
mkrottenth|689394|1|09.03.22|130|mbloechl@parat.eu
ssommer|689933|4|10.03.22|130|chackl@parat.eu
mkrottenth|689811|2|09.03.22|130|mbloechl@parat.eu
mkrottenth|689815|1|09.03.22|130|mbloechl@parat.eu
mkrottenth|689947|1|10.03.22|130|mbloechl@parat.eu
mkrottenth|689947|2|10.03.22|130|mbloechl@parat.eu
ssommer|689793|1|10.03.22|190|chackl@parat.eu
ssommer|689825|1|09.03.22|130|chackl@parat.eu
ssommer|689825|4|09.03.22|130|chackl@parat.eu
shuber|689857|1|09.03.22|130|theinrich@parat.eu
shuber|689854|3|09.03.22|130|theinrich@parat.eu
shuber|689854|5|09.03.22|130|theinrich@parat.eu
ssommer|689933|5|10.03.22|130|chackl@parat.eu
mkrottenth|689945|1|10.03.22|130|mbloechl@parat.eu
mkrottenth|689951|1|10.03.22|130|mbloechl@parat.eu
ssommer|689794|1|09.03.22|190|chackl@parat.eu
ssommer|689738|1|09.03.22|130|chackl@parat.eu
shuber|689764|1|09.03.22|130|theinrich@parat.eu
ssommer|689825|2|09.03.22|130|chackl@parat.eu
ssommer|689825|5|09.03.22|130|chackl@parat.eu
shuber|689857|3|09.03.22|130|theinrich@parat.eu
shuber|689854|4|09.03.22|130|theinrich@parat.eu
mkrottenth|689897|1|10.03.22|130|mbloechl@parat.eu
shuber|689895|1|10.03.22|440|theinrich@parat.eu
ssommer|689780|1|10.03.22|190|chackl@parat.eu
mkrottenth|689941|1|10.03.22|130|mbloechl@parat.eu
mkrottenth|689943|1|10.03.22|130|mbloechl@parat.eu
ssommer|689905|1|10.03.22|130|chackl@parat.eu
mkrottenth|689904|3|10.03.22|130|mbloechl@parat.eu
ssommer|689740|1|09.03.22|130|chackl@parat.eu
shuber|689741|1|09.03.22|130|theinrich@parat.eu
shuber|689826|1|09.03.22|130|theinrich@parat.eu
ssommer|689902|1|10.03.22|130|chackl@parat.eu
ssommer|689937|1|10.03.22|130|chackl@parat.eu
mkrottenth|689950|1|10.03.22|130|mbloechl@parat.eu
ssommer|689905|3|10.03.22|130|chackl@parat.eu
ssommer|689798|3|09.03.22|130|chackl@parat.eu
mkrottenth|689904|1|10.03.22|130|mbloechl@parat.eu
mkrottenth|688386|1|09.03.22|130|mbloechl@parat.eu
mkrottenth|689742|2|09.03.22|130|mbloechl@parat.eu
mkrottenth|689897|2|10.03.22|130|mbloechl@parat.eu
ssommer|689887|1|10.03.22|130|chackl@parat.eu
mkrottenth|689811|4|09.03.22|130|mbloechl@parat.eu
ssommer|689793|1|09.03.22|190|chackl@parat.eu
mkrottenth|689908|1|10.03.22|130|mbloechl@parat.eu
shuber|689857|2|09.03.22|130|theinrich@parat.eu
shuber|689854|2|09.03.22|130|theinrich@parat.eu
ssommer|689789|1|09.03.22|190|chackl@parat.eu
ssommer|689789|2|09.03.22|190|chackl@parat.eu
ssommer|689700|1|10.03.22|130|chackl@parat.eu
ssommer|689933|2|10.03.22|130|chackl@parat.eu
ssommer|689933|6|10.03.22|130|chackl@parat.eu
shuber|689940|1|10.03.22|130|theinrich@parat.eu
mkrottenth|689946|1|10.03.22|130|mbloechl@parat.eu
mkrottenth|689949|1|10.03.22|130|mbloechl@parat.eu
ssommer|689905|4|10.03.22|130|chackl@parat.eu
ssommer|689773|1|09.03.22|190|chackl@parat.eu
ssommer|689798|2|09.03.22|130|chackl@parat.eu
mkrottenth|687858|3|09.03.22|130|mbloechl@parat.eu
ssommer|689863|1|09.03.22|190|chackl@parat.eu
ssommer|689829|1|09.03.22|130|chackl@parat.eu
ssommer|689893|1|10.03.22|130|chackl@parat.eu

2022-05-12 09:18:56 SCHWERWIEGEND service.LogService log java.util.ConcurrentModificationException
	at java.base/java.util.ArrayList$Itr.checkForComodification(ArrayList.java:1013)
	at java.base/java.util.ArrayList$Itr.next(ArrayList.java:967)
	at service.ListSplitService.splitList(ListSplitService.java:20)
	at main.Start.main(Start.java:27)

2022-05-12 10:07:10 INFORMATION service.LogService log Gefundene Fehler:
mkrottenth|689811|3|09.03.22|130|mbloechl@parat.eu
mkrottenth|689815|3|09.03.22|130|mbloechl@parat.eu
mkrottenth|689944|1|10.03.22|130|mbloechl@parat.eu
ssommer|689932|1|10.03.22|130|chackl@parat.eu
ssommer|689905|2|10.03.22|130|chackl@parat.eu
ssommer|689798|1|09.03.22|130|chackl@parat.eu
ssommer|689859|1|09.03.22|130|chackl@parat.eu
mkrottenth|689742|1|09.03.22|130|mbloechl@parat.eu
ssommer|689695|1|09.03.22|130|chackl@parat.eu
ssommer|689823|1|09.03.22|130|chackl@parat.eu
shuber|689854|1|09.03.22|130|theinrich@parat.eu
ssommer|689933|1|10.03.22|130|chackl@parat.eu
ssommer|689933|3|10.03.22|130|chackl@parat.eu
mkrottenth|689811|1|09.03.22|130|mbloechl@parat.eu
mkrottenth|689815|2|09.03.22|130|mbloechl@parat.eu
mkrottenth|689939|1|10.03.22|130|mbloechl@parat.eu
ssommer|689932|2|10.03.22|130|chackl@parat.eu
ssommer|689766|1|09.03.22|130|chackl@parat.eu
mkrottenth|689904|2|10.03.22|130|mbloechl@parat.eu
ssommer|689780|1|09.03.22|190|chackl@parat.eu
shuber|689764|2|09.03.22|130|theinrich@parat.eu
ssommer|689802|1|09.03.22|130|chackl@parat.eu
ssommer|689825|3|09.03.22|130|chackl@parat.eu
mkrottenth|689394|1|09.03.22|130|mbloechl@parat.eu
ssommer|689933|4|10.03.22|130|chackl@parat.eu
mkrottenth|689811|2|09.03.22|130|mbloechl@parat.eu
mkrottenth|689815|1|09.03.22|130|mbloechl@parat.eu
mkrottenth|689947|1|10.03.22|130|mbloechl@parat.eu
mkrottenth|689947|2|10.03.22|130|mbloechl@parat.eu
ssommer|689793|1|10.03.22|190|chackl@parat.eu
ssommer|689825|1|09.03.22|130|chackl@parat.eu
ssommer|689825|4|09.03.22|130|chackl@parat.eu
shuber|689857|1|09.03.22|130|theinrich@parat.eu
shuber|689854|3|09.03.22|130|theinrich@parat.eu
shuber|689854|5|09.03.22|130|theinrich@parat.eu
ssommer|689933|5|10.03.22|130|chackl@parat.eu
mkrottenth|689945|1|10.03.22|130|mbloechl@parat.eu
mkrottenth|689951|1|10.03.22|130|mbloechl@parat.eu
ssommer|689794|1|09.03.22|190|chackl@parat.eu
ssommer|689738|1|09.03.22|130|chackl@parat.eu
shuber|689764|1|09.03.22|130|theinrich@parat.eu
ssommer|689825|2|09.03.22|130|chackl@parat.eu
ssommer|689825|5|09.03.22|130|chackl@parat.eu
shuber|689857|3|09.03.22|130|theinrich@parat.eu
shuber|689854|4|09.03.22|130|theinrich@parat.eu
mkrottenth|689897|1|10.03.22|130|mbloechl@parat.eu
shuber|689895|1|10.03.22|440|theinrich@parat.eu
ssommer|689780|1|10.03.22|190|chackl@parat.eu
mkrottenth|689941|1|10.03.22|130|mbloechl@parat.eu
mkrottenth|689943|1|10.03.22|130|mbloechl@parat.eu
ssommer|689905|1|10.03.22|130|chackl@parat.eu
mkrottenth|689904|3|10.03.22|130|mbloechl@parat.eu
ssommer|689740|1|09.03.22|130|chackl@parat.eu
shuber|689741|1|09.03.22|130|theinrich@parat.eu
shuber|689826|1|09.03.22|130|theinrich@parat.eu
ssommer|689902|1|10.03.22|130|chackl@parat.eu
ssommer|689937|1|10.03.22|130|chackl@parat.eu
mkrottenth|689950|1|10.03.22|130|mbloechl@parat.eu
ssommer|689905|3|10.03.22|130|chackl@parat.eu
ssommer|689798|3|09.03.22|130|chackl@parat.eu
mkrottenth|689904|1|10.03.22|130|mbloechl@parat.eu
mkrottenth|688386|1|09.03.22|130|mbloechl@parat.eu
mkrottenth|689742|2|09.03.22|130|mbloechl@parat.eu
mkrottenth|689897|2|10.03.22|130|mbloechl@parat.eu
ssommer|689887|1|10.03.22|130|chackl@parat.eu
mkrottenth|689811|4|09.03.22|130|mbloechl@parat.eu
ssommer|689793|1|09.03.22|190|chackl@parat.eu
mkrottenth|689908|1|10.03.22|130|mbloechl@parat.eu
shuber|689857|2|09.03.22|130|theinrich@parat.eu
shuber|689854|2|09.03.22|130|theinrich@parat.eu
ssommer|689789|1|09.03.22|190|chackl@parat.eu
ssommer|689789|2|09.03.22|190|chackl@parat.eu
ssommer|689700|1|10.03.22|130|chackl@parat.eu
ssommer|689933|2|10.03.22|130|chackl@parat.eu
ssommer|689933|6|10.03.22|130|chackl@parat.eu
shuber|689940|1|10.03.22|130|theinrich@parat.eu
mkrottenth|689946|1|10.03.22|130|mbloechl@parat.eu
mkrottenth|689949|1|10.03.22|130|mbloechl@parat.eu
ssommer|689905|4|10.03.22|130|chackl@parat.eu
ssommer|689773|1|09.03.22|190|chackl@parat.eu
ssommer|689798|2|09.03.22|130|chackl@parat.eu
mkrottenth|687858|3|09.03.22|130|mbloechl@parat.eu
ssommer|689863|1|09.03.22|190|chackl@parat.eu
ssommer|689829|1|09.03.22|130|chackl@parat.eu
ssommer|689893|1|10.03.22|130|chackl@parat.eu

2022-05-12 10:07:11 INFORMATION service.LogService log 2
2022-05-12 10:07:13 INFORMATION service.LogService log Mail versandt an mbloechl@parat.eu
2022-05-12 10:07:13 INFORMATION service.LogService log Mail versandt an mbloechl@parat.eu
2022-05-12 10:09:08 INFORMATION service.LogService log Gefundene Fehler:
mkrottenth|689811|3|09.03.22|130|mbloechl@parat.eu
mkrottenth|689815|3|09.03.22|130|mbloechl@parat.eu
mkrottenth|689944|1|10.03.22|130|mbloechl@parat.eu
ssommer|689932|1|10.03.22|130|chackl@parat.eu
ssommer|689905|2|10.03.22|130|chackl@parat.eu
ssommer|689798|1|09.03.22|130|chackl@parat.eu
ssommer|689859|1|09.03.22|130|chackl@parat.eu
mkrottenth|689742|1|09.03.22|130|mbloechl@parat.eu
ssommer|689695|1|09.03.22|130|chackl@parat.eu
ssommer|689823|1|09.03.22|130|chackl@parat.eu
shuber|689854|1|09.03.22|130|theinrich@parat.eu
ssommer|689933|1|10.03.22|130|chackl@parat.eu
ssommer|689933|3|10.03.22|130|chackl@parat.eu
mkrottenth|689811|1|09.03.22|130|mbloechl@parat.eu
mkrottenth|689815|2|09.03.22|130|mbloechl@parat.eu
mkrottenth|689939|1|10.03.22|130|mbloechl@parat.eu
ssommer|689932|2|10.03.22|130|chackl@parat.eu
ssommer|689766|1|09.03.22|130|chackl@parat.eu
mkrottenth|689904|2|10.03.22|130|mbloechl@parat.eu
ssommer|689780|1|09.03.22|190|chackl@parat.eu
shuber|689764|2|09.03.22|130|theinrich@parat.eu
ssommer|689802|1|09.03.22|130|chackl@parat.eu
ssommer|689825|3|09.03.22|130|chackl@parat.eu
mkrottenth|689394|1|09.03.22|130|mbloechl@parat.eu
ssommer|689933|4|10.03.22|130|chackl@parat.eu
mkrottenth|689811|2|09.03.22|130|mbloechl@parat.eu
mkrottenth|689815|1|09.03.22|130|mbloechl@parat.eu
mkrottenth|689947|1|10.03.22|130|mbloechl@parat.eu
mkrottenth|689947|2|10.03.22|130|mbloechl@parat.eu
ssommer|689793|1|10.03.22|190|chackl@parat.eu
ssommer|689825|1|09.03.22|130|chackl@parat.eu
ssommer|689825|4|09.03.22|130|chackl@parat.eu
shuber|689857|1|09.03.22|130|theinrich@parat.eu
shuber|689854|3|09.03.22|130|theinrich@parat.eu
shuber|689854|5|09.03.22|130|theinrich@parat.eu
ssommer|689933|5|10.03.22|130|chackl@parat.eu
mkrottenth|689945|1|10.03.22|130|mbloechl@parat.eu
mkrottenth|689951|1|10.03.22|130|mbloechl@parat.eu
ssommer|689794|1|09.03.22|190|chackl@parat.eu
ssommer|689738|1|09.03.22|130|chackl@parat.eu
shuber|689764|1|09.03.22|130|theinrich@parat.eu
ssommer|689825|2|09.03.22|130|chackl@parat.eu
ssommer|689825|5|09.03.22|130|chackl@parat.eu
shuber|689857|3|09.03.22|130|theinrich@parat.eu
shuber|689854|4|09.03.22|130|theinrich@parat.eu
mkrottenth|689897|1|10.03.22|130|mbloechl@parat.eu
shuber|689895|1|10.03.22|440|theinrich@parat.eu
ssommer|689780|1|10.03.22|190|chackl@parat.eu
mkrottenth|689941|1|10.03.22|130|mbloechl@parat.eu
mkrottenth|689943|1|10.03.22|130|mbloechl@parat.eu
ssommer|689905|1|10.03.22|130|chackl@parat.eu
mkrottenth|689904|3|10.03.22|130|mbloechl@parat.eu
ssommer|689740|1|09.03.22|130|chackl@parat.eu
shuber|689741|1|09.03.22|130|theinrich@parat.eu
shuber|689826|1|09.03.22|130|theinrich@parat.eu
ssommer|689902|1|10.03.22|130|chackl@parat.eu
ssommer|689937|1|10.03.22|130|chackl@parat.eu
mkrottenth|689950|1|10.03.22|130|mbloechl@parat.eu
ssommer|689905|3|10.03.22|130|chackl@parat.eu
ssommer|689798|3|09.03.22|130|chackl@parat.eu
mkrottenth|689904|1|10.03.22|130|mbloechl@parat.eu
mkrottenth|688386|1|09.03.22|130|mbloechl@parat.eu
mkrottenth|689742|2|09.03.22|130|mbloechl@parat.eu
mkrottenth|689897|2|10.03.22|130|mbloechl@parat.eu
ssommer|689887|1|10.03.22|130|chackl@parat.eu
mkrottenth|689811|4|09.03.22|130|mbloechl@parat.eu
ssommer|689793|1|09.03.22|190|chackl@parat.eu
mkrottenth|689908|1|10.03.22|130|mbloechl@parat.eu
shuber|689857|2|09.03.22|130|theinrich@parat.eu
shuber|689854|2|09.03.22|130|theinrich@parat.eu
ssommer|689789|1|09.03.22|190|chackl@parat.eu
ssommer|689789|2|09.03.22|190|chackl@parat.eu
ssommer|689700|1|10.03.22|130|chackl@parat.eu
ssommer|689933|2|10.03.22|130|chackl@parat.eu
ssommer|689933|6|10.03.22|130|chackl@parat.eu
shuber|689940|1|10.03.22|130|theinrich@parat.eu
mkrottenth|689946|1|10.03.22|130|mbloechl@parat.eu
mkrottenth|689949|1|10.03.22|130|mbloechl@parat.eu
ssommer|689905|4|10.03.22|130|chackl@parat.eu
ssommer|689773|1|09.03.22|190|chackl@parat.eu
ssommer|689798|2|09.03.22|130|chackl@parat.eu
mkrottenth|687858|3|09.03.22|130|mbloechl@parat.eu
ssommer|689863|1|09.03.22|190|chackl@parat.eu
ssommer|689829|1|09.03.22|130|chackl@parat.eu
ssommer|689893|1|10.03.22|130|chackl@parat.eu

2022-05-12 10:09:08 INFORMATION service.LogService log 1
2022-05-12 10:09:10 INFORMATION service.LogService log Mail versandt an mbloechl@parat.eu
2022-05-12 10:20:32 INFORMATION service.LogService log Gefundene Fehler:
mkrottenth|689811|3|09.03.22|130|mbloechl@parat.eu
mkrottenth|689815|3|09.03.22|130|mbloechl@parat.eu
mkrottenth|689944|1|10.03.22|130|mbloechl@parat.eu
ssommer|689932|1|10.03.22|130|chackl@parat.eu
ssommer|689905|2|10.03.22|130|chackl@parat.eu
ssommer|689798|1|09.03.22|130|chackl@parat.eu
ssommer|689859|1|09.03.22|130|chackl@parat.eu
mkrottenth|689742|1|09.03.22|130|mbloechl@parat.eu
ssommer|689695|1|09.03.22|130|chackl@parat.eu
ssommer|689823|1|09.03.22|130|chackl@parat.eu
shuber|689854|1|09.03.22|130|theinrich@parat.eu
ssommer|689933|1|10.03.22|130|chackl@parat.eu
ssommer|689933|3|10.03.22|130|chackl@parat.eu
mkrottenth|689811|1|09.03.22|130|mbloechl@parat.eu
mkrottenth|689815|2|09.03.22|130|mbloechl@parat.eu
mkrottenth|689939|1|10.03.22|130|mbloechl@parat.eu
ssommer|689932|2|10.03.22|130|chackl@parat.eu
ssommer|689766|1|09.03.22|130|chackl@parat.eu
mkrottenth|689904|2|10.03.22|130|mbloechl@parat.eu
ssommer|689780|1|09.03.22|190|chackl@parat.eu
shuber|689764|2|09.03.22|130|theinrich@parat.eu
ssommer|689802|1|09.03.22|130|chackl@parat.eu
ssommer|689825|3|09.03.22|130|chackl@parat.eu
mkrottenth|689394|1|09.03.22|130|mbloechl@parat.eu
ssommer|689933|4|10.03.22|130|chackl@parat.eu
mkrottenth|689811|2|09.03.22|130|mbloechl@parat.eu
mkrottenth|689815|1|09.03.22|130|mbloechl@parat.eu
mkrottenth|689947|1|10.03.22|130|mbloechl@parat.eu
mkrottenth|689947|2|10.03.22|130|mbloechl@parat.eu
ssommer|689793|1|10.03.22|190|chackl@parat.eu
ssommer|689825|1|09.03.22|130|chackl@parat.eu
ssommer|689825|4|09.03.22|130|chackl@parat.eu
shuber|689857|1|09.03.22|130|theinrich@parat.eu
shuber|689854|3|09.03.22|130|theinrich@parat.eu
shuber|689854|5|09.03.22|130|theinrich@parat.eu
ssommer|689933|5|10.03.22|130|chackl@parat.eu
mkrottenth|689945|1|10.03.22|130|mbloechl@parat.eu
mkrottenth|689951|1|10.03.22|130|mbloechl@parat.eu
ssommer|689794|1|09.03.22|190|chackl@parat.eu
ssommer|689738|1|09.03.22|130|chackl@parat.eu
shuber|689764|1|09.03.22|130|theinrich@parat.eu
ssommer|689825|2|09.03.22|130|chackl@parat.eu
ssommer|689825|5|09.03.22|130|chackl@parat.eu
shuber|689857|3|09.03.22|130|theinrich@parat.eu
shuber|689854|4|09.03.22|130|theinrich@parat.eu
mkrottenth|689897|1|10.03.22|130|mbloechl@parat.eu
shuber|689895|1|10.03.22|440|theinrich@parat.eu
ssommer|689780|1|10.03.22|190|chackl@parat.eu
mkrottenth|689941|1|10.03.22|130|mbloechl@parat.eu
mkrottenth|689943|1|10.03.22|130|mbloechl@parat.eu
ssommer|689905|1|10.03.22|130|chackl@parat.eu
mkrottenth|689904|3|10.03.22|130|mbloechl@parat.eu
ssommer|689740|1|09.03.22|130|chackl@parat.eu
shuber|689741|1|09.03.22|130|theinrich@parat.eu
shuber|689826|1|09.03.22|130|theinrich@parat.eu
ssommer|689902|1|10.03.22|130|chackl@parat.eu
ssommer|689937|1|10.03.22|130|chackl@parat.eu
mkrottenth|689950|1|10.03.22|130|mbloechl@parat.eu
ssommer|689905|3|10.03.22|130|chackl@parat.eu
ssommer|689798|3|09.03.22|130|chackl@parat.eu
mkrottenth|689904|1|10.03.22|130|mbloechl@parat.eu
mkrottenth|688386|1|09.03.22|130|mbloechl@parat.eu
mkrottenth|689742|2|09.03.22|130|mbloechl@parat.eu
mkrottenth|689897|2|10.03.22|130|mbloechl@parat.eu
ssommer|689887|1|10.03.22|130|chackl@parat.eu
mkrottenth|689811|4|09.03.22|130|mbloechl@parat.eu
ssommer|689793|1|09.03.22|190|chackl@parat.eu
mkrottenth|689908|1|10.03.22|130|mbloechl@parat.eu
shuber|689857|2|09.03.22|130|theinrich@parat.eu
shuber|689854|2|09.03.22|130|theinrich@parat.eu
ssommer|689789|1|09.03.22|190|chackl@parat.eu
ssommer|689789|2|09.03.22|190|chackl@parat.eu
ssommer|689700|1|10.03.22|130|chackl@parat.eu
ssommer|689933|2|10.03.22|130|chackl@parat.eu
ssommer|689933|6|10.03.22|130|chackl@parat.eu
shuber|689940|1|10.03.22|130|theinrich@parat.eu
mkrottenth|689946|1|10.03.22|130|mbloechl@parat.eu
mkrottenth|689949|1|10.03.22|130|mbloechl@parat.eu
ssommer|689905|4|10.03.22|130|chackl@parat.eu
ssommer|689773|1|09.03.22|190|chackl@parat.eu
ssommer|689798|2|09.03.22|130|chackl@parat.eu
mkrottenth|687858|3|09.03.22|130|mbloechl@parat.eu
ssommer|689863|1|09.03.22|190|chackl@parat.eu
ssommer|689829|1|09.03.22|130|chackl@parat.eu
ssommer|689893|1|10.03.22|130|chackl@parat.eu

2022-05-12 10:20:32 INFORMATION service.LogService log 1
2022-05-12 10:20:34 INFORMATION service.LogService log Mail versandt an mbloechl@parat.eu
2022-05-12 10:21:51 INFORMATION service.LogService log Gefundene Fehler:
mkrottenth|689811|3|09.03.22|130|mbloechl@parat.eu
mkrottenth|689815|3|09.03.22|130|mbloechl@parat.eu
mkrottenth|689944|1|10.03.22|130|mbloechl@parat.eu
ssommer|689932|1|10.03.22|130|chackl@parat.eu
ssommer|689905|2|10.03.22|130|chackl@parat.eu
ssommer|689798|1|09.03.22|130|chackl@parat.eu
ssommer|689859|1|09.03.22|130|chackl@parat.eu
mkrottenth|689742|1|09.03.22|130|mbloechl@parat.eu
ssommer|689695|1|09.03.22|130|chackl@parat.eu
ssommer|689823|1|09.03.22|130|chackl@parat.eu
shuber|689854|1|09.03.22|130|theinrich@parat.eu
ssommer|689933|1|10.03.22|130|chackl@parat.eu
ssommer|689933|3|10.03.22|130|chackl@parat.eu
mkrottenth|689811|1|09.03.22|130|mbloechl@parat.eu
mkrottenth|689815|2|09.03.22|130|mbloechl@parat.eu
mkrottenth|689939|1|10.03.22|130|mbloechl@parat.eu
ssommer|689932|2|10.03.22|130|chackl@parat.eu
ssommer|689766|1|09.03.22|130|chackl@parat.eu
mkrottenth|689904|2|10.03.22|130|mbloechl@parat.eu
ssommer|689780|1|09.03.22|190|chackl@parat.eu
shuber|689764|2|09.03.22|130|theinrich@parat.eu
ssommer|689802|1|09.03.22|130|chackl@parat.eu
ssommer|689825|3|09.03.22|130|chackl@parat.eu
mkrottenth|689394|1|09.03.22|130|mbloechl@parat.eu
ssommer|689933|4|10.03.22|130|chackl@parat.eu
mkrottenth|689811|2|09.03.22|130|mbloechl@parat.eu
mkrottenth|689815|1|09.03.22|130|mbloechl@parat.eu
mkrottenth|689947|1|10.03.22|130|mbloechl@parat.eu
mkrottenth|689947|2|10.03.22|130|mbloechl@parat.eu
ssommer|689793|1|10.03.22|190|chackl@parat.eu
ssommer|689825|1|09.03.22|130|chackl@parat.eu
ssommer|689825|4|09.03.22|130|chackl@parat.eu
shuber|689857|1|09.03.22|130|theinrich@parat.eu
shuber|689854|3|09.03.22|130|theinrich@parat.eu
shuber|689854|5|09.03.22|130|theinrich@parat.eu
ssommer|689933|5|10.03.22|130|chackl@parat.eu
mkrottenth|689945|1|10.03.22|130|mbloechl@parat.eu
mkrottenth|689951|1|10.03.22|130|mbloechl@parat.eu
ssommer|689794|1|09.03.22|190|chackl@parat.eu
ssommer|689738|1|09.03.22|130|chackl@parat.eu
shuber|689764|1|09.03.22|130|theinrich@parat.eu
ssommer|689825|2|09.03.22|130|chackl@parat.eu
ssommer|689825|5|09.03.22|130|chackl@parat.eu
shuber|689857|3|09.03.22|130|theinrich@parat.eu
shuber|689854|4|09.03.22|130|theinrich@parat.eu
mkrottenth|689897|1|10.03.22|130|mbloechl@parat.eu
shuber|689895|1|10.03.22|440|theinrich@parat.eu
ssommer|689780|1|10.03.22|190|chackl@parat.eu
mkrottenth|689941|1|10.03.22|130|mbloechl@parat.eu
mkrottenth|689943|1|10.03.22|130|mbloechl@parat.eu
ssommer|689905|1|10.03.22|130|chackl@parat.eu
mkrottenth|689904|3|10.03.22|130|mbloechl@parat.eu
ssommer|689740|1|09.03.22|130|chackl@parat.eu
shuber|689741|1|09.03.22|130|theinrich@parat.eu
shuber|689826|1|09.03.22|130|theinrich@parat.eu
ssommer|689902|1|10.03.22|130|chackl@parat.eu
ssommer|689937|1|10.03.22|130|chackl@parat.eu
mkrottenth|689950|1|10.03.22|130|mbloechl@parat.eu
ssommer|689905|3|10.03.22|130|chackl@parat.eu
ssommer|689798|3|09.03.22|130|chackl@parat.eu
mkrottenth|689904|1|10.03.22|130|mbloechl@parat.eu
mkrottenth|688386|1|09.03.22|130|mbloechl@parat.eu
mkrottenth|689742|2|09.03.22|130|mbloechl@parat.eu
mkrottenth|689897|2|10.03.22|130|mbloechl@parat.eu
ssommer|689887|1|10.03.22|130|chackl@parat.eu
mkrottenth|689811|4|09.03.22|130|mbloechl@parat.eu
ssommer|689793|1|09.03.22|190|chackl@parat.eu
mkrottenth|689908|1|10.03.22|130|mbloechl@parat.eu
shuber|689857|2|09.03.22|130|theinrich@parat.eu
shuber|689854|2|09.03.22|130|theinrich@parat.eu
ssommer|689789|1|09.03.22|190|chackl@parat.eu
ssommer|689789|2|09.03.22|190|chackl@parat.eu
ssommer|689700|1|10.03.22|130|chackl@parat.eu
ssommer|689933|2|10.03.22|130|chackl@parat.eu
ssommer|689933|6|10.03.22|130|chackl@parat.eu
shuber|689940|1|10.03.22|130|theinrich@parat.eu
mkrottenth|689946|1|10.03.22|130|mbloechl@parat.eu
mkrottenth|689949|1|10.03.22|130|mbloechl@parat.eu
ssommer|689905|4|10.03.22|130|chackl@parat.eu
ssommer|689773|1|09.03.22|190|chackl@parat.eu
ssommer|689798|2|09.03.22|130|chackl@parat.eu
mkrottenth|687858|3|09.03.22|130|mbloechl@parat.eu
ssommer|689863|1|09.03.22|190|chackl@parat.eu
ssommer|689829|1|09.03.22|130|chackl@parat.eu
ssommer|689893|1|10.03.22|130|chackl@parat.eu

2022-05-12 10:21:51 INFORMATION service.LogService log mbloechl@parat.eu
2022-05-12 10:21:51 INFORMATION service.LogService log mbloechl@parat.eu
2022-05-12 10:21:51 INFORMATION service.LogService log mbloechl@parat.eu
2022-05-12 10:21:51 INFORMATION service.LogService log mbloechl@parat.eu
2022-05-12 10:21:51 INFORMATION service.LogService log mbloechl@parat.eu
2022-05-12 10:21:51 INFORMATION service.LogService log mbloechl@parat.eu
2022-05-12 10:21:51 INFORMATION service.LogService log mbloechl@parat.eu
2022-05-12 10:21:51 INFORMATION service.LogService log mbloechl@parat.eu
2022-05-12 10:21:51 INFORMATION service.LogService log mbloechl@parat.eu
2022-05-12 10:21:51 INFORMATION service.LogService log mbloechl@parat.eu
2022-05-12 10:21:51 INFORMATION service.LogService log mbloechl@parat.eu
2022-05-12 10:21:51 INFORMATION service.LogService log mbloechl@parat.eu
2022-05-12 10:21:51 INFORMATION service.LogService log mbloechl@parat.eu
2022-05-12 10:21:51 INFORMATION service.LogService log mbloechl@parat.eu
2022-05-12 10:21:51 INFORMATION service.LogService log mbloechl@parat.eu
2022-05-12 10:21:51 INFORMATION service.LogService log mbloechl@parat.eu
2022-05-12 10:21:51 INFORMATION service.LogService log mbloechl@parat.eu
2022-05-12 10:21:51 INFORMATION service.LogService log mbloechl@parat.eu
2022-05-12 10:21:51 INFORMATION service.LogService log mbloechl@parat.eu
2022-05-12 10:21:51 INFORMATION service.LogService log mbloechl@parat.eu
2022-05-12 10:21:51 INFORMATION service.LogService log mbloechl@parat.eu
2022-05-12 10:21:51 INFORMATION service.LogService log mbloechl@parat.eu
2022-05-12 10:21:51 INFORMATION service.LogService log mbloechl@parat.eu
2022-05-12 10:21:51 INFORMATION service.LogService log mbloechl@parat.eu
2022-05-12 10:21:51 INFORMATION service.LogService log mbloechl@parat.eu
2022-05-12 10:21:51 INFORMATION service.LogService log mbloechl@parat.eu
2022-05-12 10:21:51 INFORMATION service.LogService log mbloechl@parat.eu
2022-05-12 10:21:51 INFORMATION service.LogService log mbloechl@parat.eu
2022-05-12 10:21:51 INFORMATION service.LogService log 1
2022-05-12 10:21:52 INFORMATION service.LogService log Mail versandt an mbloechl@parat.eu
2022-05-12 10:22:34 INFORMATION service.LogService log Gefundene Fehler:
mkrottenth|689811|3|09.03.22|130|mbloechl@parat.eu
mkrottenth|689815|3|09.03.22|130|mbloechl@parat.eu
mkrottenth|689944|1|10.03.22|130|mbloechl@parat.eu
ssommer|689932|1|10.03.22|130|chackl@parat.eu
ssommer|689905|2|10.03.22|130|chackl@parat.eu
ssommer|689798|1|09.03.22|130|chackl@parat.eu
ssommer|689859|1|09.03.22|130|chackl@parat.eu
mkrottenth|689742|1|09.03.22|130|mbloechl@parat.eu
ssommer|689695|1|09.03.22|130|chackl@parat.eu
ssommer|689823|1|09.03.22|130|chackl@parat.eu
shuber|689854|1|09.03.22|130|theinrich@parat.eu
ssommer|689933|1|10.03.22|130|chackl@parat.eu
ssommer|689933|3|10.03.22|130|chackl@parat.eu
mkrottenth|689811|1|09.03.22|130|mbloechl@parat.eu
mkrottenth|689815|2|09.03.22|130|mbloechl@parat.eu
mkrottenth|689939|1|10.03.22|130|mbloechl@parat.eu
ssommer|689932|2|10.03.22|130|chackl@parat.eu
ssommer|689766|1|09.03.22|130|chackl@parat.eu
mkrottenth|689904|2|10.03.22|130|mbloechl@parat.eu
ssommer|689780|1|09.03.22|190|chackl@parat.eu
shuber|689764|2|09.03.22|130|theinrich@parat.eu
ssommer|689802|1|09.03.22|130|chackl@parat.eu
ssommer|689825|3|09.03.22|130|chackl@parat.eu
mkrottenth|689394|1|09.03.22|130|mbloechl@parat.eu
ssommer|689933|4|10.03.22|130|chackl@parat.eu
mkrottenth|689811|2|09.03.22|130|mbloechl@parat.eu
mkrottenth|689815|1|09.03.22|130|mbloechl@parat.eu
mkrottenth|689947|1|10.03.22|130|mbloechl@parat.eu
mkrottenth|689947|2|10.03.22|130|mbloechl@parat.eu
ssommer|689793|1|10.03.22|190|chackl@parat.eu
ssommer|689825|1|09.03.22|130|chackl@parat.eu
ssommer|689825|4|09.03.22|130|chackl@parat.eu
shuber|689857|1|09.03.22|130|theinrich@parat.eu
shuber|689854|3|09.03.22|130|theinrich@parat.eu
shuber|689854|5|09.03.22|130|theinrich@parat.eu
ssommer|689933|5|10.03.22|130|chackl@parat.eu
mkrottenth|689945|1|10.03.22|130|mbloechl@parat.eu
mkrottenth|689951|1|10.03.22|130|mbloechl@parat.eu
ssommer|689794|1|09.03.22|190|chackl@parat.eu
ssommer|689738|1|09.03.22|130|chackl@parat.eu
shuber|689764|1|09.03.22|130|theinrich@parat.eu
ssommer|689825|2|09.03.22|130|chackl@parat.eu
ssommer|689825|5|09.03.22|130|chackl@parat.eu
shuber|689857|3|09.03.22|130|theinrich@parat.eu
shuber|689854|4|09.03.22|130|theinrich@parat.eu
mkrottenth|689897|1|10.03.22|130|mbloechl@parat.eu
shuber|689895|1|10.03.22|440|theinrich@parat.eu
ssommer|689780|1|10.03.22|190|chackl@parat.eu
mkrottenth|689941|1|10.03.22|130|mbloechl@parat.eu
mkrottenth|689943|1|10.03.22|130|mbloechl@parat.eu
ssommer|689905|1|10.03.22|130|chackl@parat.eu
mkrottenth|689904|3|10.03.22|130|mbloechl@parat.eu
ssommer|689740|1|09.03.22|130|chackl@parat.eu
shuber|689741|1|09.03.22|130|theinrich@parat.eu
shuber|689826|1|09.03.22|130|theinrich@parat.eu
ssommer|689902|1|10.03.22|130|chackl@parat.eu
ssommer|689937|1|10.03.22|130|chackl@parat.eu
mkrottenth|689950|1|10.03.22|130|mbloechl@parat.eu
ssommer|689905|3|10.03.22|130|chackl@parat.eu
ssommer|689798|3|09.03.22|130|chackl@parat.eu
mkrottenth|689904|1|10.03.22|130|mbloechl@parat.eu
mkrottenth|688386|1|09.03.22|130|mbloechl@parat.eu
mkrottenth|689742|2|09.03.22|130|mbloechl@parat.eu
mkrottenth|689897|2|10.03.22|130|mbloechl@parat.eu
ssommer|689887|1|10.03.22|130|chackl@parat.eu
mkrottenth|689811|4|09.03.22|130|mbloechl@parat.eu
ssommer|689793|1|09.03.22|190|chackl@parat.eu
mkrottenth|689908|1|10.03.22|130|mbloechl@parat.eu
shuber|689857|2|09.03.22|130|theinrich@parat.eu
shuber|689854|2|09.03.22|130|theinrich@parat.eu
ssommer|689789|1|09.03.22|190|chackl@parat.eu
ssommer|689789|2|09.03.22|190|chackl@parat.eu
ssommer|689700|1|10.03.22|130|chackl@parat.eu
ssommer|689933|2|10.03.22|130|chackl@parat.eu
ssommer|689933|6|10.03.22|130|chackl@parat.eu
shuber|689940|1|10.03.22|130|theinrich@parat.eu
mkrottenth|689946|1|10.03.22|130|mbloechl@parat.eu
mkrottenth|689949|1|10.03.22|130|mbloechl@parat.eu
ssommer|689905|4|10.03.22|130|chackl@parat.eu
ssommer|689773|1|09.03.22|190|chackl@parat.eu
ssommer|689798|2|09.03.22|130|chackl@parat.eu
mkrottenth|687858|3|09.03.22|130|mbloechl@parat.eu
ssommer|689863|1|09.03.22|190|chackl@parat.eu
ssommer|689829|1|09.03.22|130|chackl@parat.eu
ssommer|689893|1|10.03.22|130|chackl@parat.eu

2022-05-12 10:22:34 INFORMATION service.LogService log mbloechl@parat.eu
2022-05-12 10:22:34 INFORMATION service.LogService log 1
2022-05-12 10:22:35 INFORMATION service.LogService log Mail versandt an mbloechl@parat.eu
2022-05-12 10:23:28 INFORMATION service.LogService log Gefundene Fehler:
mkrottenth|689811|3|09.03.22|130|mbloechl@parat.eu
mkrottenth|689815|3|09.03.22|130|mbloechl@parat.eu
mkrottenth|689944|1|10.03.22|130|mbloechl@parat.eu
ssommer|689932|1|10.03.22|130|chackl@parat.eu
ssommer|689905|2|10.03.22|130|chackl@parat.eu
ssommer|689798|1|09.03.22|130|chackl@parat.eu
ssommer|689859|1|09.03.22|130|chackl@parat.eu
mkrottenth|689742|1|09.03.22|130|mbloechl@parat.eu
ssommer|689695|1|09.03.22|130|chackl@parat.eu
ssommer|689823|1|09.03.22|130|chackl@parat.eu
shuber|689854|1|09.03.22|130|theinrich@parat.eu
ssommer|689933|1|10.03.22|130|chackl@parat.eu
ssommer|689933|3|10.03.22|130|chackl@parat.eu
mkrottenth|689811|1|09.03.22|130|mbloechl@parat.eu
mkrottenth|689815|2|09.03.22|130|mbloechl@parat.eu
mkrottenth|689939|1|10.03.22|130|mbloechl@parat.eu
ssommer|689932|2|10.03.22|130|chackl@parat.eu
ssommer|689766|1|09.03.22|130|chackl@parat.eu
mkrottenth|689904|2|10.03.22|130|mbloechl@parat.eu
ssommer|689780|1|09.03.22|190|chackl@parat.eu
shuber|689764|2|09.03.22|130|theinrich@parat.eu
ssommer|689802|1|09.03.22|130|chackl@parat.eu
ssommer|689825|3|09.03.22|130|chackl@parat.eu
mkrottenth|689394|1|09.03.22|130|mbloechl@parat.eu
ssommer|689933|4|10.03.22|130|chackl@parat.eu
mkrottenth|689811|2|09.03.22|130|mbloechl@parat.eu
mkrottenth|689815|1|09.03.22|130|mbloechl@parat.eu
mkrottenth|689947|1|10.03.22|130|mbloechl@parat.eu
mkrottenth|689947|2|10.03.22|130|mbloechl@parat.eu
ssommer|689793|1|10.03.22|190|chackl@parat.eu
ssommer|689825|1|09.03.22|130|chackl@parat.eu
ssommer|689825|4|09.03.22|130|chackl@parat.eu
shuber|689857|1|09.03.22|130|theinrich@parat.eu
shuber|689854|3|09.03.22|130|theinrich@parat.eu
shuber|689854|5|09.03.22|130|theinrich@parat.eu
ssommer|689933|5|10.03.22|130|chackl@parat.eu
mkrottenth|689945|1|10.03.22|130|mbloechl@parat.eu
mkrottenth|689951|1|10.03.22|130|mbloechl@parat.eu
ssommer|689794|1|09.03.22|190|chackl@parat.eu
ssommer|689738|1|09.03.22|130|chackl@parat.eu
shuber|689764|1|09.03.22|130|theinrich@parat.eu
ssommer|689825|2|09.03.22|130|chackl@parat.eu
ssommer|689825|5|09.03.22|130|chackl@parat.eu
shuber|689857|3|09.03.22|130|theinrich@parat.eu
shuber|689854|4|09.03.22|130|theinrich@parat.eu
mkrottenth|689897|1|10.03.22|130|mbloechl@parat.eu
shuber|689895|1|10.03.22|440|theinrich@parat.eu
ssommer|689780|1|10.03.22|190|chackl@parat.eu
mkrottenth|689941|1|10.03.22|130|mbloechl@parat.eu
mkrottenth|689943|1|10.03.22|130|mbloechl@parat.eu
ssommer|689905|1|10.03.22|130|chackl@parat.eu
mkrottenth|689904|3|10.03.22|130|mbloechl@parat.eu
ssommer|689740|1|09.03.22|130|chackl@parat.eu
shuber|689741|1|09.03.22|130|theinrich@parat.eu
shuber|689826|1|09.03.22|130|theinrich@parat.eu
ssommer|689902|1|10.03.22|130|chackl@parat.eu
ssommer|689937|1|10.03.22|130|chackl@parat.eu
mkrottenth|689950|1|10.03.22|130|mbloechl@parat.eu
ssommer|689905|3|10.03.22|130|chackl@parat.eu
ssommer|689798|3|09.03.22|130|chackl@parat.eu
mkrottenth|689904|1|10.03.22|130|mbloechl@parat.eu
mkrottenth|688386|1|09.03.22|130|mbloechl@parat.eu
mkrottenth|689742|2|09.03.22|130|mbloechl@parat.eu
mkrottenth|689897|2|10.03.22|130|mbloechl@parat.eu
ssommer|689887|1|10.03.22|130|chackl@parat.eu
mkrottenth|689811|4|09.03.22|130|mbloechl@parat.eu
ssommer|689793|1|09.03.22|190|chackl@parat.eu
mkrottenth|689908|1|10.03.22|130|mbloechl@parat.eu
shuber|689857|2|09.03.22|130|theinrich@parat.eu
shuber|689854|2|09.03.22|130|theinrich@parat.eu
ssommer|689789|1|09.03.22|190|chackl@parat.eu
ssommer|689789|2|09.03.22|190|chackl@parat.eu
ssommer|689700|1|10.03.22|130|chackl@parat.eu
ssommer|689933|2|10.03.22|130|chackl@parat.eu
ssommer|689933|6|10.03.22|130|chackl@parat.eu
shuber|689940|1|10.03.22|130|theinrich@parat.eu
mkrottenth|689946|1|10.03.22|130|mbloechl@parat.eu
mkrottenth|689949|1|10.03.22|130|mbloechl@parat.eu
ssommer|689905|4|10.03.22|130|chackl@parat.eu
ssommer|689773|1|09.03.22|190|chackl@parat.eu
ssommer|689798|2|09.03.22|130|chackl@parat.eu
mkrottenth|687858|3|09.03.22|130|mbloechl@parat.eu
ssommer|689863|1|09.03.22|190|chackl@parat.eu
ssommer|689829|1|09.03.22|130|chackl@parat.eu
ssommer|689893|1|10.03.22|130|chackl@parat.eu

2022-05-12 10:23:28 INFORMATION service.LogService log 3
2022-05-12 10:23:29 INFORMATION service.LogService log Mail versandt an mbloechl@parat.eu
2022-05-12 10:23:30 INFORMATION service.LogService log Mail versandt an chackl@parat.eu
2022-05-12 10:23:30 INFORMATION service.LogService log Mail versandt an theinrich@parat.eu
2022-05-12 10:44:16 INFORMATION service.LogService log Gefundene Fehler:
ssommer|689887|1|10.03.22|130|chackl@parat.eu
ssommer|689825|4|09.03.22|130|chackl@parat.eu
ssommer|689793|1|10.03.22|190|chackl@parat.eu
ssommer|689905|4|10.03.22|130|chackl@parat.eu
ssommer|689932|2|10.03.22|130|chackl@parat.eu
shuber|689854|4|09.03.22|130|theinrich@parat.eu
mkrottenth|689904|3|10.03.22|130|mbloechl@parat.eu
mkrottenth|689908|1|10.03.22|130|mbloechl@parat.eu
mkrottenth|689947|1|10.03.22|130|mbloechl@parat.eu
ssommer|689893|1|10.03.22|130|chackl@parat.eu
ssommer|689829|1|09.03.22|130|chackl@parat.eu
ssommer|689825|5|09.03.22|130|chackl@parat.eu
shuber|689857|1|09.03.22|130|theinrich@parat.eu
mkrottenth|689897|2|10.03.22|130|mbloechl@parat.eu
mkrottenth|689394|1|09.03.22|130|mbloechl@parat.eu
mkrottenth|689951|1|10.03.22|130|mbloechl@parat.eu
mkrottenth|689811|4|09.03.22|130|mbloechl@parat.eu
mkrottenth|689811|2|09.03.22|130|mbloechl@parat.eu
mkrottenth|689811|1|09.03.22|130|mbloechl@parat.eu
ssommer|689740|1|09.03.22|130|chackl@parat.eu
ssommer|689780|1|09.03.22|190|chackl@parat.eu
ssommer|689773|1|09.03.22|190|chackl@parat.eu
ssommer|689794|1|09.03.22|190|chackl@parat.eu
ssommer|689937|1|10.03.22|130|chackl@parat.eu
ssommer|689700|1|10.03.22|130|chackl@parat.eu
shuber|689895|1|10.03.22|440|theinrich@parat.eu
shuber|689854|1|09.03.22|130|theinrich@parat.eu
shuber|689857|3|09.03.22|130|theinrich@parat.eu
shuber|689826|1|09.03.22|130|theinrich@parat.eu
shuber|689764|2|09.03.22|130|theinrich@parat.eu
mkrottenth|689742|2|09.03.22|130|mbloechl@parat.eu
mkrottenth|689949|1|10.03.22|130|mbloechl@parat.eu
mkrottenth|689947|2|10.03.22|130|mbloechl@parat.eu
mkrottenth|689939|1|10.03.22|130|mbloechl@parat.eu
mkrottenth|689815|2|09.03.22|130|mbloechl@parat.eu
ssommer|689933|4|10.03.22|130|chackl@parat.eu
ssommer|689933|3|10.03.22|130|chackl@parat.eu
shuber|689854|5|09.03.22|130|theinrich@parat.eu
shuber|689857|2|09.03.22|130|theinrich@parat.eu
shuber|689764|1|09.03.22|130|theinrich@parat.eu
mkrottenth|689904|2|10.03.22|130|mbloechl@parat.eu
mkrottenth|689941|1|10.03.22|130|mbloechl@parat.eu
ssommer|689789|2|09.03.22|190|chackl@parat.eu
ssommer|689825|3|09.03.22|130|chackl@parat.eu
ssommer|689825|1|09.03.22|130|chackl@parat.eu
ssommer|689738|1|09.03.22|130|chackl@parat.eu
ssommer|689798|3|09.03.22|130|chackl@parat.eu
ssommer|689798|2|09.03.22|130|chackl@parat.eu
ssommer|689798|1|09.03.22|130|chackl@parat.eu
ssommer|689905|1|10.03.22|130|chackl@parat.eu
ssommer|689933|5|10.03.22|130|chackl@parat.eu
ssommer|689933|2|10.03.22|130|chackl@parat.eu
shuber|689854|3|09.03.22|130|theinrich@parat.eu
shuber|689741|1|09.03.22|130|theinrich@parat.eu
shuber|689940|1|10.03.22|130|theinrich@parat.eu
ssommer|689789|1|09.03.22|190|chackl@parat.eu
ssommer|689825|2|09.03.22|130|chackl@parat.eu
ssommer|689859|1|09.03.22|130|chackl@parat.eu
ssommer|689766|1|09.03.22|130|chackl@parat.eu
ssommer|689905|3|10.03.22|130|chackl@parat.eu
ssommer|689932|1|10.03.22|130|chackl@parat.eu
mkrottenth|688386|1|09.03.22|130|mbloechl@parat.eu
mkrottenth|689950|1|10.03.22|130|mbloechl@parat.eu
mkrottenth|689944|1|10.03.22|130|mbloechl@parat.eu
mkrottenth|689815|1|09.03.22|130|mbloechl@parat.eu
ssommer|689863|1|09.03.22|190|chackl@parat.eu
ssommer|689802|1|09.03.22|130|chackl@parat.eu
ssommer|689793|1|09.03.22|190|chackl@parat.eu
ssommer|689905|2|10.03.22|130|chackl@parat.eu
ssommer|689780|1|10.03.22|190|chackl@parat.eu
ssommer|689933|6|10.03.22|130|chackl@parat.eu
mkrottenth|689897|1|10.03.22|130|mbloechl@parat.eu
mkrottenth|689742|1|09.03.22|130|mbloechl@parat.eu
mkrottenth|687858|3|09.03.22|130|mbloechl@parat.eu
mkrottenth|689904|1|10.03.22|130|mbloechl@parat.eu
mkrottenth|689945|1|10.03.22|130|mbloechl@parat.eu
mkrottenth|689943|1|10.03.22|130|mbloechl@parat.eu
mkrottenth|689815|3|09.03.22|130|mbloechl@parat.eu
ssommer|689902|1|10.03.22|130|chackl@parat.eu
ssommer|689823|1|09.03.22|130|chackl@parat.eu
ssommer|689695|1|09.03.22|130|chackl@parat.eu
ssommer|689933|1|10.03.22|130|chackl@parat.eu
shuber|689854|2|09.03.22|130|theinrich@parat.eu
mkrottenth|689946|1|10.03.22|130|mbloechl@parat.eu
mkrottenth|689811|3|09.03.22|130|mbloechl@parat.eu

2022-05-12 10:44:18 INFORMATION service.LogService log Mail versandt an chackl@parat.eu
2022-05-12 10:44:18 INFORMATION service.LogService log Mail versandt an theinrich@parat.eu
2022-05-12 10:44:19 INFORMATION service.LogService log Mail versandt an mbloechl@parat.eu
2022-05-12 10:44:19 SCHWERWIEGEND service.LogService log java.sql.SQLSyntaxErrorException: ORA-00933: SQL-Befehl wurde nicht korrekt beendet

	at oracle.jdbc.driver.T4CTTIoer11.processError(T4CTTIoer11.java:509)
	at oracle.jdbc.driver.T4CTTIoer11.processError(T4CTTIoer11.java:461)
	at oracle.jdbc.driver.T4C8Oall.processError(T4C8Oall.java:1104)
	at oracle.jdbc.driver.T4CTTIfun.receive(T4CTTIfun.java:550)
	at oracle.jdbc.driver.T4CTTIfun.doRPC(T4CTTIfun.java:268)
	at oracle.jdbc.driver.T4C8Oall.doOALL(T4C8Oall.java:655)
	at oracle.jdbc.driver.T4CStatement.doOall8(T4CStatement.java:229)
	at oracle.jdbc.driver.T4CStatement.doOall8(T4CStatement.java:41)
	at oracle.jdbc.driver.T4CStatement.executeForRows(T4CStatement.java:928)
	at oracle.jdbc.driver.OracleStatement.doExecuteWithTimeout(OracleStatement.java:1205)
	at oracle.jdbc.driver.OracleStatement.executeInternal(OracleStatement.java:1823)
	at oracle.jdbc.driver.OracleStatement.execute(OracleStatement.java:1778)
	at oracle.jdbc.driver.OracleStatementWrapper.execute(OracleStatementWrapper.java:303)
	at persistence.ErrorRepository.updateErrorMessage(ErrorRepository.java:55)
	at main.Start.main(Start.java:38)
Caused by: Error : 933, Position : 52, Sql = update PSIPOS3.psidruauftrag      set errormsg = No ok message received by server (benachrichtigt)     where bewnr = 357429, OriginalSql = update PSIPOS3.psidruauftrag      set errormsg = No ok message received by server (benachrichtigt)     where bewnr = 357429, Error Msg = ORA-00933: SQL-Befehl wurde nicht korrekt beendet

	at oracle.jdbc.driver.T4CTTIoer11.processError(T4CTTIoer11.java:513)
	... 14 more

2022-05-12 10:45:46 INFORMATION service.LogService log Gefundene Fehler:
mkrottenth|689947|1|10.03.22|130|mbloechl@parat.eu
ssommer|689932|2|10.03.22|130|chackl@parat.eu
ssommer|689905|4|10.03.22|130|chackl@parat.eu
mkrottenth|689908|1|10.03.22|130|mbloechl@parat.eu
mkrottenth|689904|3|10.03.22|130|mbloechl@parat.eu
ssommer|689793|1|10.03.22|190|chackl@parat.eu
ssommer|689825|4|09.03.22|130|chackl@parat.eu
shuber|689854|4|09.03.22|130|theinrich@parat.eu
ssommer|689887|1|10.03.22|130|chackl@parat.eu
mkrottenth|689811|1|09.03.22|130|mbloechl@parat.eu
mkrottenth|689811|2|09.03.22|130|mbloechl@parat.eu
mkrottenth|689811|4|09.03.22|130|mbloechl@parat.eu
mkrottenth|689951|1|10.03.22|130|mbloechl@parat.eu
ssommer|689825|5|09.03.22|130|chackl@parat.eu
ssommer|689829|1|09.03.22|130|chackl@parat.eu
mkrottenth|689394|1|09.03.22|130|mbloechl@parat.eu
shuber|689857|1|09.03.22|130|theinrich@parat.eu
mkrottenth|689897|2|10.03.22|130|mbloechl@parat.eu
ssommer|689893|1|10.03.22|130|chackl@parat.eu
ssommer|689700|1|10.03.22|130|chackl@parat.eu
ssommer|689937|1|10.03.22|130|chackl@parat.eu
mkrottenth|689815|2|09.03.22|130|mbloechl@parat.eu
mkrottenth|689939|1|10.03.22|130|mbloechl@parat.eu
mkrottenth|689947|2|10.03.22|130|mbloechl@parat.eu
mkrottenth|689949|1|10.03.22|130|mbloechl@parat.eu
ssommer|689794|1|09.03.22|190|chackl@parat.eu
ssommer|689773|1|09.03.22|190|chackl@parat.eu
ssommer|689780|1|09.03.22|190|chackl@parat.eu
ssommer|689740|1|09.03.22|130|chackl@parat.eu
mkrottenth|689742|2|09.03.22|130|mbloechl@parat.eu
shuber|689764|2|09.03.22|130|theinrich@parat.eu
shuber|689826|1|09.03.22|130|theinrich@parat.eu
shuber|689857|3|09.03.22|130|theinrich@parat.eu
shuber|689854|1|09.03.22|130|theinrich@parat.eu
shuber|689895|1|10.03.22|440|theinrich@parat.eu
ssommer|689933|3|10.03.22|130|chackl@parat.eu
ssommer|689933|4|10.03.22|130|chackl@parat.eu
mkrottenth|689941|1|10.03.22|130|mbloechl@parat.eu
mkrottenth|689904|2|10.03.22|130|mbloechl@parat.eu
shuber|689764|1|09.03.22|130|theinrich@parat.eu
shuber|689857|2|09.03.22|130|theinrich@parat.eu
shuber|689854|5|09.03.22|130|theinrich@parat.eu
ssommer|689933|2|10.03.22|130|chackl@parat.eu
ssommer|689933|5|10.03.22|130|chackl@parat.eu
shuber|689940|1|10.03.22|130|theinrich@parat.eu
ssommer|689905|1|10.03.22|130|chackl@parat.eu
ssommer|689798|1|09.03.22|130|chackl@parat.eu
ssommer|689798|2|09.03.22|130|chackl@parat.eu
ssommer|689798|3|09.03.22|130|chackl@parat.eu
ssommer|689738|1|09.03.22|130|chackl@parat.eu
shuber|689741|1|09.03.22|130|theinrich@parat.eu
ssommer|689825|1|09.03.22|130|chackl@parat.eu
ssommer|689825|3|09.03.22|130|chackl@parat.eu
shuber|689854|3|09.03.22|130|theinrich@parat.eu
ssommer|689789|2|09.03.22|190|chackl@parat.eu
mkrottenth|689815|1|09.03.22|130|mbloechl@parat.eu
mkrottenth|689944|1|10.03.22|130|mbloechl@parat.eu
mkrottenth|689950|1|10.03.22|130|mbloechl@parat.eu
ssommer|689932|1|10.03.22|130|chackl@parat.eu
ssommer|689905|3|10.03.22|130|chackl@parat.eu
ssommer|689766|1|09.03.22|130|chackl@parat.eu
ssommer|689859|1|09.03.22|130|chackl@parat.eu
mkrottenth|688386|1|09.03.22|130|mbloechl@parat.eu
ssommer|689825|2|09.03.22|130|chackl@parat.eu
ssommer|689789|1|09.03.22|190|chackl@parat.eu
ssommer|689933|6|10.03.22|130|chackl@parat.eu
mkrottenth|689815|3|09.03.22|130|mbloechl@parat.eu
ssommer|689780|1|10.03.22|190|chackl@parat.eu
mkrottenth|689943|1|10.03.22|130|mbloechl@parat.eu
mkrottenth|689945|1|10.03.22|130|mbloechl@parat.eu
ssommer|689905|2|10.03.22|130|chackl@parat.eu
ssommer|689793|1|09.03.22|190|chackl@parat.eu
mkrottenth|689904|1|10.03.22|130|mbloechl@parat.eu
mkrottenth|687858|3|09.03.22|130|mbloechl@parat.eu
mkrottenth|689742|1|09.03.22|130|mbloechl@parat.eu
ssommer|689802|1|09.03.22|130|chackl@parat.eu
ssommer|689863|1|09.03.22|190|chackl@parat.eu
mkrottenth|689897|1|10.03.22|130|mbloechl@parat.eu
ssommer|689933|1|10.03.22|130|chackl@parat.eu
mkrottenth|689811|3|09.03.22|130|mbloechl@parat.eu
mkrottenth|689946|1|10.03.22|130|mbloechl@parat.eu
ssommer|689695|1|09.03.22|130|chackl@parat.eu
ssommer|689823|1|09.03.22|130|chackl@parat.eu
ssommer|689902|1|10.03.22|130|chackl@parat.eu
shuber|689854|2|09.03.22|130|theinrich@parat.eu

2022-05-12 10:45:48 INFORMATION service.LogService log Mail versandt an mbloechl@parat.eu
2022-05-12 10:45:48 INFORMATION service.LogService log Mail versandt an chackl@parat.eu
2022-05-12 10:45:49 INFORMATION service.LogService log Mail versandt an theinrich@parat.eu
2022-05-12 10:46:49 INFORMATION service.LogService log Keine Fehler
2022-05-12 10:52:01 INFORMATION service.LogService log Gefundene Fehler:
mkrottenth|689947|1|10.03.22|130|mbloechl@parat.eu
ssommer|689932|2|10.03.22|130|chackl@parat.eu
ssommer|689905|4|10.03.22|130|chackl@parat.eu
mkrottenth|689908|1|10.03.22|130|mbloechl@parat.eu
mkrottenth|689904|3|10.03.22|130|mbloechl@parat.eu
ssommer|689793|1|10.03.22|190|chackl@parat.eu
ssommer|689825|4|09.03.22|130|chackl@parat.eu
shuber|689854|4|09.03.22|130|theinrich@parat.eu
ssommer|689887|1|10.03.22|130|chackl@parat.eu
mkrottenth|689811|1|09.03.22|130|mbloechl@parat.eu
mkrottenth|689811|2|09.03.22|130|mbloechl@parat.eu
mkrottenth|689811|4|09.03.22|130|mbloechl@parat.eu
mkrottenth|689951|1|10.03.22|130|mbloechl@parat.eu
ssommer|689825|5|09.03.22|130|chackl@parat.eu
ssommer|689829|1|09.03.22|130|chackl@parat.eu
mkrottenth|689394|1|09.03.22|130|mbloechl@parat.eu
shuber|689857|1|09.03.22|130|theinrich@parat.eu
mkrottenth|689897|2|10.03.22|130|mbloechl@parat.eu
ssommer|689893|1|10.03.22|130|chackl@parat.eu
ssommer|689700|1|10.03.22|130|chackl@parat.eu
ssommer|689937|1|10.03.22|130|chackl@parat.eu
mkrottenth|689815|2|09.03.22|130|mbloechl@parat.eu
mkrottenth|689939|1|10.03.22|130|mbloechl@parat.eu
mkrottenth|689947|2|10.03.22|130|mbloechl@parat.eu
mkrottenth|689949|1|10.03.22|130|mbloechl@parat.eu
ssommer|689794|1|09.03.22|190|chackl@parat.eu
ssommer|689773|1|09.03.22|190|chackl@parat.eu
ssommer|689780|1|09.03.22|190|chackl@parat.eu
ssommer|689740|1|09.03.22|130|chackl@parat.eu
mkrottenth|689742|2|09.03.22|130|mbloechl@parat.eu
shuber|689764|2|09.03.22|130|theinrich@parat.eu
shuber|689826|1|09.03.22|130|theinrich@parat.eu
shuber|689857|3|09.03.22|130|theinrich@parat.eu
shuber|689854|1|09.03.22|130|theinrich@parat.eu
shuber|689895|1|10.03.22|440|theinrich@parat.eu
ssommer|689933|3|10.03.22|130|chackl@parat.eu
ssommer|689933|4|10.03.22|130|chackl@parat.eu
mkrottenth|689941|1|10.03.22|130|mbloechl@parat.eu
mkrottenth|689904|2|10.03.22|130|mbloechl@parat.eu
shuber|689764|1|09.03.22|130|theinrich@parat.eu
shuber|689857|2|09.03.22|130|theinrich@parat.eu
shuber|689854|5|09.03.22|130|theinrich@parat.eu
ssommer|689933|2|10.03.22|130|chackl@parat.eu
ssommer|689933|5|10.03.22|130|chackl@parat.eu
shuber|689940|1|10.03.22|130|theinrich@parat.eu
ssommer|689905|1|10.03.22|130|chackl@parat.eu
ssommer|689798|1|09.03.22|130|chackl@parat.eu
ssommer|689798|2|09.03.22|130|chackl@parat.eu
ssommer|689798|3|09.03.22|130|chackl@parat.eu
ssommer|689738|1|09.03.22|130|chackl@parat.eu
shuber|689741|1|09.03.22|130|theinrich@parat.eu
ssommer|689825|1|09.03.22|130|chackl@parat.eu
ssommer|689825|3|09.03.22|130|chackl@parat.eu
shuber|689854|3|09.03.22|130|theinrich@parat.eu
ssommer|689789|2|09.03.22|190|chackl@parat.eu
mkrottenth|689815|1|09.03.22|130|mbloechl@parat.eu
mkrottenth|689944|1|10.03.22|130|mbloechl@parat.eu
mkrottenth|689950|1|10.03.22|130|mbloechl@parat.eu
ssommer|689932|1|10.03.22|130|chackl@parat.eu
ssommer|689905|3|10.03.22|130|chackl@parat.eu
ssommer|689766|1|09.03.22|130|chackl@parat.eu
ssommer|689859|1|09.03.22|130|chackl@parat.eu
mkrottenth|688386|1|09.03.22|130|mbloechl@parat.eu
ssommer|689825|2|09.03.22|130|chackl@parat.eu
ssommer|689789|1|09.03.22|190|chackl@parat.eu
ssommer|689933|6|10.03.22|130|chackl@parat.eu
mkrottenth|689815|3|09.03.22|130|mbloechl@parat.eu
ssommer|689780|1|10.03.22|190|chackl@parat.eu
mkrottenth|689943|1|10.03.22|130|mbloechl@parat.eu
mkrottenth|689945|1|10.03.22|130|mbloechl@parat.eu
ssommer|689905|2|10.03.22|130|chackl@parat.eu
ssommer|689793|1|09.03.22|190|chackl@parat.eu
mkrottenth|689904|1|10.03.22|130|mbloechl@parat.eu
mkrottenth|687858|3|09.03.22|130|mbloechl@parat.eu
mkrottenth|689742|1|09.03.22|130|mbloechl@parat.eu
ssommer|689802|1|09.03.22|130|chackl@parat.eu
ssommer|689863|1|09.03.22|190|chackl@parat.eu
mkrottenth|689897|1|10.03.22|130|mbloechl@parat.eu
ssommer|689933|1|10.03.22|130|chackl@parat.eu
mkrottenth|689811|3|09.03.22|130|mbloechl@parat.eu
mkrottenth|689946|1|10.03.22|130|mbloechl@parat.eu
ssommer|689695|1|09.03.22|130|chackl@parat.eu
ssommer|689823|1|09.03.22|130|chackl@parat.eu
ssommer|689902|1|10.03.22|130|chackl@parat.eu
shuber|689854|2|09.03.22|130|theinrich@parat.eu

2022-05-12 10:52:08 INFORMATION service.LogService log Mail versandt an mbloechl@parat.eu
2022-05-12 10:52:09 INFORMATION service.LogService log Mail versandt an chackl@parat.eu
2022-05-12 10:52:09 INFORMATION service.LogService log Mail versandt an theinrich@parat.eu
2022-05-12 10:53:22 INFORMATION service.LogService log Keine Fehler
